<?xml version="1.0" encoding="UTF-8"?>
<!-- Generated by org.testng.reporters.JUnitReportReporter -->
<testsuite skipped="0" hostname="GlowUniverse" name="scripts.gmail" tests="1" failures="0" timestamp="30 Mar 2019 04:56:09 GMT" time="16.965" errors="0">
  <testcase name="f" time="16.965" classname="scripts.gmail"/>
</testsuite> <!-- scripts.gmail -->
