<?xml version="1.0" encoding="UTF-8"?>
<!-- Generated by org.testng.reporters.JUnitReportReporter -->
<testsuite skipped="0" hostname="GlowUniverse" name="com.Grid.HandleAlerts" tests="1" failures="0" timestamp="24 Mar 2019 08:12:06 GMT" time="11.940" errors="0">
  <testcase name="handleAlert" time="11.940" classname="com.Grid.HandleAlerts"/>
</testsuite> <!-- com.Grid.HandleAlerts -->
